<?xml version="1.0" encoding="UTF-8"?>
<!-- Generated by org.testng.reporters.JUnitXMLReporter -->
<testsuite ignored="2" hostname="DESKTOP-KKV864D" failures="0" tests="1" name="Default test" time="0.049" errors="0" timestamp="2023-06-02T12:48:21 IST">
  <testcase classname="testNG_basic.DepensOnANDEnabled" name="priority_alwaysrun_or_enabled" time="0.007"/>
  <testcase classname="testNG_basic.DepensOnANDEnabled" name="Permission" time="0.0">
    <ignored/>
  </testcase> <!-- Permission -->
  <testcase classname="testNG_basic.DepensOnANDEnabled" name="marriage" time="0.0">
    <ignored/>
  </testcase> <!-- marriage -->
</testsuite> <!-- Default test -->
