<?xml version="1.0" encoding="UTF-8"?>
<testng-results ignored="2" total="3" passed="1" failed="0" skipped="0">
  <reporter-output>
  </reporter-output>
  <suite started-at="2023-06-02T12:48:21 IST" name="Default suite" finished-at="2023-06-02T12:48:21 IST" duration-ms="49">
    <groups>
    </groups>
    <test started-at="2023-06-02T12:48:21 IST" name="Default test" finished-at="2023-06-02T12:48:21 IST" duration-ms="49">
      <class name="testNG_basic.DepensOnANDEnabled">
        <test-method signature="priority_alwaysrun_or_enabled()[pri:0, instance:testNG_basic.DepensOnANDEnabled@b70da4c]" started-at="2023-06-02T12:48:21 IST" name="priority_alwaysrun_or_enabled" finished-at="2023-06-02T12:48:21 IST" duration-ms="7" status="PASS">
          <reporter-output>
          </reporter-output>
        </test-method> <!-- priority_alwaysrun_or_enabled -->
      </class> <!-- testNG_basic.DepensOnANDEnabled -->
    </test> <!-- Default test -->
  </suite> <!-- Default suite -->
</testng-results>
